<?xml version="1.0" encoding="UTF-8"?>
<testsuite xmlns:xsi="http://www.w3.org/2001/XMLSchema-instance" xsi:noNamespaceSchemaLocation="https://maven.apache.org/surefire/maven-surefire-plugin/xsd/surefire-test-report-3.0.xsd" version="3.0" name="com.mongo.MongoApplicationTests" time="4.62" tests="1" errors="0" skipped="0" failures="0">
  <properties>
[...]
</properties>
  <testcase name="contextLoads" classname="com.mongo.MongoApplicationTests" time="1.299">
    <system-out><![CDATA[10:18:36.679 [main] INFO org.springframework.test.context.support.AnnotationConfigContextLoaderUtils -- Could not detect default configuration classes for test class [com.mongo.MongoApplicationTests]: MongoApplicationTests does not declare any static, non-private, non-final, nested classes annotated with @Configuration.
10:18:36.854 [main] INFO org.springframework.boot.test.context.SpringBootTestContextBootstrapper -- Found @SpringBootConfiguration com.mongo.MongoApplication for test class com.mongo.MongoApplicationTests

  .   ____          _            __ _ _
 /\\ / ___'_ __ _ _(_)_ __  __ _ \ \ \ \
( ( )\___ | '_ | '_| | '_ \/ _` | \ \ \ \
 \\/  ___)| |_)| | | | | || (_| |  ) ) ) )
  '  |____| .__|_| |_|_| |_\__, | / / / /
 =========|_|==============|___/=/_/_/_/
 :: Spring Boot ::                (v3.1.2)

2023-08-28T10:18:37.426-07:00  INFO 16836 --- [           main] com.mongo.MongoApplicationTests          : Starting MongoApplicationTests using Java 20.0.2 with PID 16836 (started by durge in C:\Users\durge\Downloads\mongo\mongo)
2023-08-28T10:18:37.427-07:00  INFO 16836 --- [           main] com.mongo.MongoApplicationTests          : No active profile set, falling back to 1 default profile: "default"
2023-08-28T10:18:38.006-07:00  INFO 16836 --- [           main] .s.d.r.c.RepositoryConfigurationDelegate : Bootstrapping Spring Data MongoDB repositories in DEFAULT mode.
2023-08-28T10:18:38.076-07:00  INFO 16836 --- [           main] .s.d.r.c.RepositoryConfigurationDelegate : Finished Spring Data repository scanning in 66 ms. Found 1 MongoDB repository interfaces.
2023-08-28T10:18:38.680-07:00  INFO 16836 --- [           main] org.mongodb.driver.client                : MongoClient with metadata {"driver": {"name": "mongo-java-driver|sync|spring-boot", "version": "4.9.1"}, "os": {"type": "Windows", "name": "Windows 11", "architecture": "amd64", "version": "10.0"}, "platform": "Java/Oracle Corporation/20.0.2+9-78"} created with settings MongoClientSettings{readPreference=primary, writeConcern=WriteConcern{w=null, wTimeout=null ms, journal=null}, retryWrites=true, retryReads=true, readConcern=ReadConcern{level=null}, credential=MongoCredential{mechanism=null, userName='durgesh', source='admin', password=<hidden>, mechanismProperties=<hidden>}, streamFactoryFactory=null, commandListeners=[], codecRegistry=ProvidersCodecRegistry{codecProviders=[ValueCodecProvider{}, BsonValueCodecProvider{}, DBRefCodecProvider{}, DBObjectCodecProvider{}, DocumentCodecProvider{}, CollectionCodecProvider{}, IterableCodecProvider{}, MapCodecProvider{}, GeoJsonCodecProvider{}, GridFSFileCodecProvider{}, Jsr310CodecProvider{}, JsonObjectCodecProvider{}, BsonCodecProvider{}, EnumCodecProvider{}, com.mongodb.client.model.mql.ExpressionCodecProvider@6198e9b5, com.mongodb.Jep395RecordCodecProvider@6d099323]}, loggerSettings=LoggerSettings{maxDocumentLength=1000}, clusterSettings={hosts=[127.0.0.1:27017], srvHost=cluster0.cieshmm.mongodb.net, srvServiceName=mongodb, mode=MULTIPLE, requiredClusterType=REPLICA_SET, requiredReplicaSetName='atlas-22hc9o-shard-0', serverSelector='null', clusterListeners='[]', serverSelectionTimeout='30000 ms', localThreshold='30000 ms'}, socketSettings=SocketSettings{connectTimeoutMS=10000, readTimeoutMS=0, receiveBufferSize=0, sendBufferSize=0}, heartbeatSocketSettings=SocketSettings{connectTimeoutMS=10000, readTimeoutMS=10000, receiveBufferSize=0, sendBufferSize=0}, connectionPoolSettings=ConnectionPoolSettings{maxSize=100, minSize=0, maxWaitTimeMS=120000, maxConnectionLifeTimeMS=0, maxConnectionIdleTimeMS=0, maintenanceInitialDelayMS=0, maintenanceFrequencyMS=60000, connectionPoolListeners=[], maxConnecting=2}, serverSettings=ServerSettings{heartbeatFrequencyMS=10000, minHeartbeatFrequencyMS=500, serverListeners='[]', serverMonitorListeners='[]'}, sslSettings=SslSettings{enabled=true, invalidHostNameAllowed=false, context=null}, applicationName='null', compressorList=[], uuidRepresentation=JAVA_LEGACY, serverApi=null, autoEncryptionSettings=null, contextProvider=null}
2023-08-28T10:18:38.873-07:00  INFO 16836 --- [hmm.mongodb.net] org.mongodb.driver.cluster               : Adding discovered server ac-hyhhdea-shard-00-01.cieshmm.mongodb.net:27017 to client view of cluster
2023-08-28T10:18:38.908-07:00  INFO 16836 --- [hmm.mongodb.net] org.mongodb.driver.cluster               : Adding discovered server ac-hyhhdea-shard-00-02.cieshmm.mongodb.net:27017 to client view of cluster
2023-08-28T10:18:38.909-07:00  INFO 16836 --- [hmm.mongodb.net] org.mongodb.driver.cluster               : Adding discovered server ac-hyhhdea-shard-00-00.cieshmm.mongodb.net:27017 to client view of cluster
2023-08-28T10:18:39.757-07:00  INFO 16836 --- [           main] com.mongo.MongoApplicationTests          : Started MongoApplicationTests in 2.716 seconds (process running for 4.092)
2023-08-28T10:18:40.287-07:00  INFO 16836 --- [ngodb.net:27017] org.mongodb.driver.cluster               : Monitor thread successfully connected to server with description ServerDescription{address=ac-hyhhdea-shard-00-01.cieshmm.mongodb.net:27017, type=REPLICA_SET_PRIMARY, state=CONNECTED, ok=true, minWireVersion=0, maxWireVersion=17, maxDocumentSize=16777216, logicalSessionTimeoutMinutes=30, roundTripTimeNanos=812908800, setName='atlas-22hc9o-shard-0', canonicalAddress=ac-hyhhdea-shard-00-01.cieshmm.mongodb.net:27017, hosts=[ac-hyhhdea-shard-00-00.cieshmm.mongodb.net:27017, ac-hyhhdea-shard-00-01.cieshmm.mongodb.net:27017, ac-hyhhdea-shard-00-02.cieshmm.mongodb.net:27017], passives=[], arbiters=[], primary='ac-hyhhdea-shard-00-01.cieshmm.mongodb.net:27017', tagSet=TagSet{[Tag{name='nodeType', value='ELECTABLE'}, Tag{name='provider', value='AWS'}, Tag{name='region', value='US_EAST_1'}, Tag{name='workloadType', value='OPERATIONAL'}]}, electionId=7fffffff00000000000000f7, setVersion=9, topologyVersion=TopologyVersion{processId=64e7acdb6a6969db2a42e7d7, counter=6}, lastWriteDate=Mon Aug 28 10:18:42 PDT 2023, lastUpdateTimeNanos=4235293531800}
2023-08-28T10:18:40.287-07:00  INFO 16836 --- [ngodb.net:27017] org.mongodb.driver.cluster               : Monitor thread successfully connected to server with description ServerDescription{address=ac-hyhhdea-shard-00-00.cieshmm.mongodb.net:27017, type=REPLICA_SET_SECONDARY, state=CONNECTED, ok=true, minWireVersion=0, maxWireVersion=17, maxDocumentSize=16777216, logicalSessionTimeoutMinutes=30, roundTripTimeNanos=811340700, setName='atlas-22hc9o-shard-0', canonicalAddress=ac-hyhhdea-shard-00-00.cieshmm.mongodb.net:27017, hosts=[ac-hyhhdea-shard-00-00.cieshmm.mongodb.net:27017, ac-hyhhdea-shard-00-01.cieshmm.mongodb.net:27017, ac-hyhhdea-shard-00-02.cieshmm.mongodb.net:27017], passives=[], arbiters=[], primary='ac-hyhhdea-shard-00-01.cieshmm.mongodb.net:27017', tagSet=TagSet{[Tag{name='nodeType', value='ELECTABLE'}, Tag{name='provider', value='AWS'}, Tag{name='region', value='US_EAST_1'}, Tag{name='workloadType', value='OPERATIONAL'}]}, electionId=null, setVersion=9, topologyVersion=TopologyVersion{processId=64e7aae2657a1bc92ae81899, counter=4}, lastWriteDate=Mon Aug 28 10:18:42 PDT 2023, lastUpdateTimeNanos=4235293531600}
2023-08-28T10:18:40.292-07:00  INFO 16836 --- [ngodb.net:27017] org.mongodb.driver.cluster               : Discovered replica set primary ac-hyhhdea-shard-00-01.cieshmm.mongodb.net:27017 with max election id 7fffffff00000000000000f7 and max set version 9
2023-08-28T10:18:40.607-07:00  INFO 16836 --- [ngodb.net:27017] org.mongodb.driver.cluster               : Monitor thread successfully connected to server with description ServerDescription{address=ac-hyhhdea-shard-00-02.cieshmm.mongodb.net:27017, type=REPLICA_SET_SECONDARY, state=CONNECTED, ok=true, minWireVersion=0, maxWireVersion=17, maxDocumentSize=16777216, logicalSessionTimeoutMinutes=30, roundTripTimeNanos=1142891200, setName='atlas-22hc9o-shard-0', canonicalAddress=ac-hyhhdea-shard-00-02.cieshmm.mongodb.net:27017, hosts=[ac-hyhhdea-shard-00-00.cieshmm.mongodb.net:27017, ac-hyhhdea-shard-00-01.cieshmm.mongodb.net:27017, ac-hyhhdea-shard-00-02.cieshmm.mongodb.net:27017], passives=[], arbiters=[], primary='ac-hyhhdea-shard-00-01.cieshmm.mongodb.net:27017', tagSet=TagSet{[Tag{name='nodeType', value='ELECTABLE'}, Tag{name='provider', value='AWS'}, Tag{name='region', value='US_EAST_1'}, Tag{name='workloadType', value='OPERATIONAL'}]}, electionId=null, setVersion=9, topologyVersion=TopologyVersion{processId=64e7aedc9ca5c6b626a5bbd2, counter=3}, lastWriteDate=Mon Aug 28 10:18:42 PDT 2023, lastUpdateTimeNanos=4235620896200}
]]></system-out>
  </testcase>
</testsuite>